#
# There is insufficient memory for the Java Runtime Environment to continue.
# Native memory allocation (mmap) failed to map 130023424 bytes for G1 virtual space
# Possible reasons:
#   The system is out of physical RAM or swap space
#   The process is running with CompressedOops enabled, and the Java Heap may be blocking the growth of the native heap
# Possible solutions:
#   Reduce memory load on the system
#   Increase physical memory or swap space
#   Check if swap backing store is full
#   Decrease Java heap size (-Xmx/-Xms)
#   Decrease number of Java threads
#   Decrease Java thread stack sizes (-Xss)
#   Set larger code cache with -XX:ReservedCodeCacheSize=
#   JVM is running with Unscaled Compressed Oops mode in which the Java heap is
#     placed in the first 4GB address space. The Java Heap base address is the
#     maximum limit for the native heap growth. Please use -XX:HeapBaseMinAddress
#     to set the Java Heap base and to place the Java Heap above 4GB virtual address.
# This output file may be truncated or incomplete.
#
#  Out of Memory Error (os_windows.cpp:3552), pid=1960, tid=16036
#
# JRE version:  (17.0.9+11) (build )
# Java VM: Java HotSpot(TM) 64-Bit Server VM (17.0.9+11-LTS-201, mixed mode, emulated-client, sharing, tiered, compressed oops, compressed class ptrs, g1 gc, windows-amd64)
# No core dump will be written. Minidumps are not enabled by default on client versions of Windows
#

---------------  S U M M A R Y ------------

Command Line: -XX:TieredStopAtLevel=1 -Dspring.output.ansi.enabled=always -Dcom.sun.management.jmxremote -Dspring.jmx.enabled=true -Dspring.liveBeansView.mbeanDomain -Dspring.application.admin.enabled=true -Dmanagement.endpoints.jmx.exposure.include=* -javaagent:C:\Program Files\JetBrains\IntelliJ IDEA 2023.1.3\lib\idea_rt.jar=51372:C:\Program Files\JetBrains\IntelliJ IDEA 2023.1.3\bin -Dfile.encoding=UTF-8 com.eduprime.eduprimeserver.EduPrimeServerApplication

Host: 11th Gen Intel(R) Core(TM) i5-1135G7 @ 2.40GHz, 8 cores, 7G,  Windows 10 , 64 bit Build 19041 (10.0.19041.3636)
Time: Fri May  3 21:28:20 2024 SE Asia Standard Time elapsed time: 0.009879 seconds (0d 0h 0m 0s)

---------------  T H R E A D  ---------------

Current thread (0x0000026788a44b00):  JavaThread "Unknown thread" [_thread_in_vm, id=16036, stack(0x000000c8e4400000,0x000000c8e4500000)]

Stack: [0x000000c8e4400000,0x000000c8e4500000]
Native frames: (J=compiled Java code, j=interpreted, Vv=VM code, C=native code)
V  [jvm.dll+0x678a4a]
V  [jvm.dll+0x7d9cfd]
V  [jvm.dll+0x7db60e]
V  [jvm.dll+0x7dbc73]
V  [jvm.dll+0x245e1f]
V  [jvm.dll+0x6758f9]
V  [jvm.dll+0x66a2a2]
V  [jvm.dll+0x303686]
V  [jvm.dll+0x30ac06]
V  [jvm.dll+0x35a48e]
V  [jvm.dll+0x35a6bf]
V  [jvm.dll+0x2da678]
V  [jvm.dll+0x2db5e4]
V  [jvm.dll+0x7ab6b1]
V  [jvm.dll+0x368041]
V  [jvm.dll+0x78a749]
V  [jvm.dll+0x3ebd4f]
V  [jvm.dll+0x3ed7d1]
C  [jli.dll+0x5297]
C  [ucrtbase.dll+0x21bb2]
C  [KERNEL32.DLL+0x17344]
C  [ntdll.dll+0x526b1]


---------------  P R O C E S S  ---------------

Threads class SMR info:
_java_thread_list=0x00007ffe3db689d8, length=0, elements={
}

Java Threads: ( => current thread )

Other Threads:
  0x0000026788aa54b0 GCTaskThread "GC Thread#0" [stack: 0x000000c8e4500000,0x000000c8e4600000] [id=11196]
  0x0000026788ab5b80 ConcurrentGCThread "G1 Main Marker" [stack: 0x000000c8e4600000,0x000000c8e4700000] [id=1528]
  0x0000026788ab6590 ConcurrentGCThread "G1 Conc#0" [stack: 0x000000c8e4700000,0x000000c8e4800000] [id=4364]

[error occurred during error reporting (printing all threads), id 0xc0000005, EXCEPTION_ACCESS_VIOLATION (0xc0000005) at pc=0x00007ffe3d39b2d7]

VM state: not at safepoint (not fully initialized)

VM Mutex/Monitor currently owned by a thread:  ([mutex/lock_event])
[0x0000026788a415f0] Heap_lock - owner thread: 0x0000026788a44b00

Heap address: 0x0000000084400000, size: 1980 MB, Compressed Oops mode: 32-bit

CDS archive(s) mapped at: [0x0000000000000000-0x0000000000000000-0x0000000000000000), size 0, SharedBaseAddress: 0x0000000800000000, ArchiveRelocationMode: 1.
Narrow klass base: 0x0000000000000000, Narrow klass shift: 0, Narrow klass range: 0x0

GC Precious Log:
<Empty>

Heap:
 garbage-first heap   total 0K, used 0K [0x0000000084400000, 0x0000000100000000)
  region size 1024K, 0 young (0K), 0 survivors (0K)

[error occurred during error reporting (printing heap information), id 0xc0000005, EXCEPTION_ACCESS_VIOLATION (0xc0000005) at pc=0x00007ffe3d782229]

GC Heap History (0 events):
No events

Deoptimization events (0 events):
No events

Classes unloaded (0 events):
No events

Classes redefined (0 events):
No events

Internal exceptions (0 events):
No events

VM Operations (0 events):
No events

Events (1 events):
Event: 0.007 Loaded shared library C:\Program Files\Java\jdk-17\bin\java.dll


Dynamic libraries:
0x00007ff7d9d50000 - 0x00007ff7d9d60000 	C:\Program Files\Java\jdk-17\bin\java.exe
0x00007ffe84450000 - 0x00007ffe84648000 	C:\WINDOWS\SYSTEM32\ntdll.dll
0x00007ffe82480000 - 0x00007ffe8253d000 	C:\WINDOWS\System32\KERNEL32.DLL
0x00007ffe82180000 - 0x00007ffe82476000 	C:\WINDOWS\System32\KERNELBASE.dll
0x00007ffe81b00000 - 0x00007ffe81c00000 	C:\WINDOWS\System32\ucrtbase.dll
0x00007ffe66e50000 - 0x00007ffe66e69000 	C:\Program Files\Java\jdk-17\bin\jli.dll
0x00007ffe66e70000 - 0x00007ffe66e8b000 	C:\Program Files\Java\jdk-17\bin\VCRUNTIME140.dll
0x00007ffe82900000 - 0x00007ffe829b0000 	C:\WINDOWS\System32\ADVAPI32.dll
0x00007ffe83f60000 - 0x00007ffe83ffe000 	C:\WINDOWS\System32\msvcrt.dll
0x00007ffe83de0000 - 0x00007ffe83e80000 	C:\WINDOWS\System32\sechost.dll
0x00007ffe840b0000 - 0x00007ffe841d3000 	C:\WINDOWS\System32\RPCRT4.dll
0x00007ffe81e00000 - 0x00007ffe81e27000 	C:\WINDOWS\System32\bcrypt.dll
0x00007ffe84270000 - 0x00007ffe8440f000 	C:\WINDOWS\System32\USER32.dll
0x00007ffe696f0000 - 0x00007ffe6998a000 	C:\WINDOWS\WinSxS\amd64_microsoft.windows.common-controls_6595b64144ccf1df_6.0.19041.3636_none_60b6a03d71f818d5\COMCTL32.dll
0x00007ffe81c00000 - 0x00007ffe81c22000 	C:\WINDOWS\System32\win32u.dll
0x00007ffe841e0000 - 0x00007ffe8420b000 	C:\WINDOWS\System32\GDI32.dll
0x00007ffe82060000 - 0x00007ffe82177000 	C:\WINDOWS\System32\gdi32full.dll
0x00007ffe81f30000 - 0x00007ffe81fcd000 	C:\WINDOWS\System32\msvcp_win.dll
0x00007ffe78730000 - 0x00007ffe7873a000 	C:\WINDOWS\SYSTEM32\VERSION.dll
0x00007ffe829b0000 - 0x00007ffe829e2000 	C:\WINDOWS\System32\IMM32.DLL
0x00007ffe682d0000 - 0x00007ffe682dc000 	C:\Program Files\Java\jdk-17\bin\vcruntime140_1.dll
0x00007ffe4d8a0000 - 0x00007ffe4d92e000 	C:\Program Files\Java\jdk-17\bin\msvcp140.dll
0x00007ffe3d0b0000 - 0x00007ffe3dc91000 	C:\Program Files\Java\jdk-17\bin\server\jvm.dll
0x00007ffe83d60000 - 0x00007ffe83d68000 	C:\WINDOWS\System32\PSAPI.DLL
0x00007ffe7e8e0000 - 0x00007ffe7e8e9000 	C:\WINDOWS\SYSTEM32\WSOCK32.dll
0x00007ffe78600000 - 0x00007ffe78627000 	C:\WINDOWS\SYSTEM32\WINMM.dll
0x00007ffe83c70000 - 0x00007ffe83cdb000 	C:\WINDOWS\System32\WS2_32.dll
0x00007ffe80330000 - 0x00007ffe80342000 	C:\WINDOWS\SYSTEM32\kernel.appcore.dll
0x00007ffe67860000 - 0x00007ffe6786a000 	C:\Program Files\Java\jdk-17\bin\jimage.dll
0x00007ffe7fff0000 - 0x00007ffe801d4000 	C:\WINDOWS\SYSTEM32\DBGHELP.DLL
0x00007ffe6a720000 - 0x00007ffe6a754000 	C:\WINDOWS\SYSTEM32\dbgcore.DLL
0x00007ffe81fd0000 - 0x00007ffe82052000 	C:\WINDOWS\System32\bcryptPrimitives.dll
0x00007ffe677b0000 - 0x00007ffe677be000 	C:\Program Files\Java\jdk-17\bin\instrument.dll
0x00007ffe64370000 - 0x00007ffe64395000 	C:\Program Files\Java\jdk-17\bin\java.dll

dbghelp: loaded successfully - version: 4.0.5 - missing functions: none
symbol engine: initialized successfully - sym options: 0x614 - pdb path: .;C:\Program Files\Java\jdk-17\bin;C:\WINDOWS\SYSTEM32;C:\WINDOWS\WinSxS\amd64_microsoft.windows.common-controls_6595b64144ccf1df_6.0.19041.3636_none_60b6a03d71f818d5;C:\Program Files\Java\jdk-17\bin\server

VM Arguments:
jvm_args: -XX:TieredStopAtLevel=1 -Dspring.output.ansi.enabled=always -Dcom.sun.management.jmxremote -Dspring.jmx.enabled=true -Dspring.liveBeansView.mbeanDomain -Dspring.application.admin.enabled=true -Dmanagement.endpoints.jmx.exposure.include=* -javaagent:C:\Program Files\JetBrains\IntelliJ IDEA 2023.1.3\lib\idea_rt.jar=51372:C:\Program Files\JetBrains\IntelliJ IDEA 2023.1.3\bin -Dfile.encoding=UTF-8 
java_command: com.eduprime.eduprimeserver.EduPrimeServerApplication
java_class_path (initial): D:\EduPrime\EduPrime-server\build\classes\java\main;D:\EduPrime\EduPrime-server\build\resources\main;C:\Users\DELL\.gradle\caches\modules-2\files-2.1\org.projectlombok\lombok\1.18.32\17d46b3e205515e1e8efd3ee4d57ce8018914163\lombok-1.18.32.jar;C:\Users\DELL\.gradle\caches\modules-2\files-2.1\org.springframework.boot\spring-boot-starter-validation\3.2.5\3757dceb20eca3880ee1fb5f07159e42c7f7405\spring-boot-starter-validation-3.2.5.jar;C:\Users\DELL\.gradle\caches\modules-2\files-2.1\org.springframework.boot\spring-boot-starter-data-jpa\3.2.5\99c1272c135f1c44b0c94ed0b65dca9b201323b7\spring-boot-starter-data-jpa-3.2.5.jar;C:\Users\DELL\.gradle\caches\modules-2\files-2.1\org.springframework.boot\spring-boot-starter-data-redis\3.2.5\5c28002231949d324d5c5a06e0a1768103b3075f\spring-boot-starter-data-redis-3.2.5.jar;C:\Users\DELL\.gradle\caches\modules-2\files-2.1\org.springframework.boot\spring-boot-starter-security\3.2.5\8ce0f176dfcf9a0b3b5d76babd971057f009961d\spring-boot-starter-security-3.2.5.jar;C:\Users\DELL\.gradle\caches\modules-2\files-2.1\org.springframework.boot\spring-boot-starter-websocket\3.2.5\98868104087bc7e63baaa5193ad5352f65c57ca3\spring-boot-starter-websocket-3.2.5.jar;C:\Users\DELL\.gradle\caches\modules-2\files-2.1\org.springframework.boot\spring-boot-starter-web\3.2.5\664d75553c6af42122d4db645f4924a95084e382\spring-boot-starter-web-3.2.5.jar;C:\Users\DELL\.gradle\caches\modules-2\files-2.1\io.jsonwebtoken\jjwt\0.12.3\3614f4633028b1a16ae6979fea0941cc3ea58ca2\jjwt-0.12.3.jar;C:\Users\DELL\.gradle\caches\modules-2\files-2.1\org.springdoc\springdoc-openapi-starter-webmvc-ui\2.3.0\b4af31e9d40539c94f8debbf760134d961333c24\springdoc-openapi-starter-webmvc-ui-2.3.0.jar;C:\Users\DELL\.gradle\caches\modules-2\files-2.1\org.springframework.boot\spring-boot-starter\3.2.5\a9837a876129cc6fe5f3abf1de5ec0a16faaf003\spring-boot-starter-3.2.5.jar;C:\Users\DELL\.gradle\caches\modules-2\files-2.1\org.apache.tomcat.embed\tomcat-embed-el\10.1.20\c
Launcher Type: SUN_STANDARD

[Global flags]
     intx CICompilerCount                          = 4                                         {product} {ergonomic}
     uint ConcGCThreads                            = 2                                         {product} {ergonomic}
     uint G1ConcRefinementThreads                  = 8                                         {product} {ergonomic}
   size_t G1HeapRegionSize                         = 1048576                                   {product} {ergonomic}
    uintx GCDrainStackTargetSize                   = 64                                        {product} {ergonomic}
   size_t InitialHeapSize                          = 130023424                                 {product} {ergonomic}
     bool ManagementServer                         = true                                      {product} {command line}
   size_t MarkStackSize                            = 4194304                                   {product} {ergonomic}
   size_t MaxHeapSize                              = 2076180480                                {product} {ergonomic}
   size_t MinHeapDeltaBytes                        = 1048576                                   {product} {ergonomic}
   size_t MinHeapSize                              = 8388608                                   {product} {ergonomic}
    uintx NonProfiledCodeHeapSize                  = 0                                      {pd product} {ergonomic}
     bool ProfileInterpreter                       = false                                  {pd product} {command line}
    uintx ProfiledCodeHeapSize                     = 0                                      {pd product} {ergonomic}
   size_t SoftMaxHeapSize                          = 2076180480                             {manageable} {ergonomic}
     intx TieredStopAtLevel                        = 1                                         {product} {command line}
     bool UseCompressedClassPointers               = true                           {product lp64_product} {ergonomic}
     bool UseCompressedOops                        = true                           {product lp64_product} {ergonomic}
     bool UseG1GC                                  = true                                      {product} {ergonomic}
     bool UseLargePagesIndividualAllocation        = false                                  {pd product} {ergonomic}

Logging:
Log output configuration:
 #0: stdout all=warning uptime,level,tags
 #1: stderr all=off uptime,level,tags

Environment Variables:
JAVA_HOME=C:\Program Files\Java\jdk1.8.0_191
PATH=C:\Program Files\Common Files\Oracle\Java\javapath;C:\Program Files (x86)\VMware\VMware Workstation\bin\;C:\Program Files (x86)\Common Files\Oracle\Java\javapath;C:\WINDOWS\system32;C:\WINDOWS;C:\WINDOWS\System32\Wbem;C:\WINDOWS\System32\WindowsPowerShell\v1.0\;C:\WINDOWS\System32\OpenSSH\;C:\apache-maven-3.6.0\bin;C:\Program Files\Git\cmd;C:\Program Files\TortoiseSVN\bin;C:\Program Files\Docker\Docker\resources\bin;C:\Program Files\Kubernetes\Minikube;C:\Program Files\Microsoft SQL Server\Client SDK\ODBC\170\Tools\Binn\;C:\Program Files\dotnet\;C:\Program Files\Redis\;C:\Users\DELL\AppData\Local\Programs\Python\Python38;C:\hadoop\bin;C:\spark\spark-3.5.1-bin-hadoop3\bin;C:\Program Files\Java\jdk1.8.0_191\bin;C:\Program Files\nodejs\;C:\Program Files (x86)\Microsoft SQL Server\150\Tools\Binn\;C:\Program Files\Microsoft SQL Server\150\Tools\Binn\;C:\Program Files\Microsoft SQL Server\150\DTS\Binn\;C:\Program Files (x86)\Microsoft SQL Server\160\DTS\Binn\;C:\Program Files\MySQL\MySQL Shell 8.0\bin\;C:\Users\DELL\AppData\Local\Microsoft\WindowsApps;C:\Users\DELL\AppData\Local\Programs\Microsoft VS Code\bin;C:\Users\DELL\AppData\Roaming\npm\node_modules\@angular\cli\bin;;C:\Program Files\JetBrains\IntelliJ IDEA 2023.1.3\bin;;C:\Program Files\Azure Data Studio\bin;C:\Users\DELL\.dotnet\tools;D:\heroku\bin;C:\Users\DELL\AppData\Roaming\npm
USERNAME=DELL
OS=Windows_NT
PROCESSOR_IDENTIFIER=Intel64 Family 6 Model 140 Stepping 1, GenuineIntel



---------------  S Y S T E M  ---------------

OS:
 Windows 10 , 64 bit Build 19041 (10.0.19041.3636)
OS uptime: 1 days 6:22 hours
Hyper-V role detected

CPU: total 8 (initial active 8) (4 cores per cpu, 2 threads per core) family 6 model 140 stepping 1 microcode 0xb4, cx8, cmov, fxsr, ht, mmx, 3dnowpref, sse, sse2, sse3, ssse3, sse4.1, sse4.2, popcnt, lzcnt, tsc, tscinvbit, avx, avx2, aes, erms, clmul, bmi1, bmi2, adx, avx512f, avx512dq, avx512cd, avx512bw, avx512vl, sha, fma, vzeroupper, avx512_vpopcntdq, avx512_vpclmulqdq, avx512_vaes, avx512_vnni, clflush, clflushopt, clwb, avx512_vbmi2, avx512_vbmi, hv

Memory: 4k page, system-wide physical 7914M (957M free)
TotalPageFile size 13730M (AvailPageFile size 75M)
current process WorkingSet (physical memory assigned to process): 10M, peak: 10M
current process commit charge ("private bytes"): 55M, peak: 179M

vm_info: Java HotSpot(TM) 64-Bit Server VM (17.0.9+11-LTS-201) for windows-amd64 JRE (17.0.9+11-LTS-201), built on Oct 10 2023 23:16:06 by "mach5one" with MS VC++ 17.1 (VS2022)

END.
